<?xml version="1.0" encoding="UTF-8"?>
<!-- Generated by org.testng.reporters.JUnitReportReporter -->
<testsuite hostname="Tohidurs-Air" failures="0" tests="2" name="com.qa.Selenium.DropDownBootAuto" time="24.351" errors="0" timestamp="2022-08-24T15:18:00 BST" skipped="0">
  <testcase classname="com.qa.Selenium.DropDownBootAuto" name="auto_Suggestive_DropDown" time="21.491"/>
  <system-out/>
  <testcase classname="com.qa.Selenium.DropDownBootAuto" name="boot_Streap_DropDown" time="2.860"/>
  <system-out/>
</testsuite> <!-- com.qa.Selenium.DropDownBootAuto -->
