<?xml version="1.0" encoding="UTF-8"?>
<!-- Generated by org.testng.reporters.JUnitReportReporter -->
<testsuite hostname="Tohidurs-MacBook-Air.local" failures="0" tests="4" name="QA01.GitA.WithNG" time="0.020" errors="0" timestamp="2022-07-25T13:28:39 BST" skipped="0">
  <testcase classname="QA01.GitA.WithNG" name="testFour" time="0.013"/>
  <system-out/>
  <testcase classname="QA01.GitA.WithNG" name="testOne" time="0.002"/>
  <system-out/>
  <testcase classname="QA01.GitA.WithNG" name="testThree" time="0.002"/>
  <system-out/>
  <testcase classname="QA01.GitA.WithNG" name="testTwo" time="0.003"/>
  <system-out/>
</testsuite> <!-- QA01.GitA.WithNG -->
